<?xml version="1.0" encoding="UTF-8"?>
<!-- Generated by org.testng.reporters.JUnitReportReporter -->
<testsuite hostname="SANKET" failures="0" tests="1" name="com.forgat.password.related.FacebookForgotPassword" time="16.478" errors="0" timestamp="2025-07-20T14:49:43 IST" skipped="0">
  <testcase classname="com.forgat.password.related.FacebookForgotPassword" name="validCreadential" time="16.478"/>
</testsuite> <!-- com.forgat.password.related.FacebookForgotPassword -->
